#
# A fatal error has been detected by the Java Runtime Environment:
#
#  EXCEPTION_ACCESS_VIOLATION (0xc0000005) at pc=0x00000000, pid=7252, tid=2608
#
# JRE version: 7.0_21-b11
# Java VM: Java HotSpot(TM) Client VM (23.21-b01 mixed mode, sharing windows-x86 )
# Problematic frame:
# C  0x00000000
#
# Failed to write core dump. Minidumps are not enabled by default on client versions of Windows
#
# If you would like to submit a bug report, please visit:
#   http://bugreport.sun.com/bugreport/crash.jsp
# The crash happened outside the Java Virtual Machine in native code.
# See problematic frame for where to report the bug.
#

---------------  T H R E A D  ---------------

Current thread (0x00fab400):  JavaThread "main" [_thread_in_native, id=2608, stack(0x00e60000,0x00eb0000)]

siginfo: ExceptionCode=0xc0000005, ExceptionInformation=0x00000008 0x00000000

Registers:
EAX=0x00eaf698, EBX=0x371c1cf0, ECX=0x00000001, EDX=0x00000008
ESP=0x00eaf680, EBP=0x00eaf6c4, ESI=0x371c1cf0, EDI=0x00fab400
EIP=0x00000000, EFLAGS=0x00010287

Top of Stack: (sp=0x00eaf680)
0x00eaf680:   100060a0 00000001 00eaf698 0271a717
0x00eaf690:   00fab528 00eaf6cc 00000001 00fabbcc
0x00eaf6a0:   00fabbcc 00eaf6a4 371c1cf0 00eaf6d4
0x00eaf6b0:   371c4c80 00000000 371c1cf0 00000000
0x00eaf6c0:   00eaf6d4 00eaf6f8 0271340f 272b0588
0x00eaf6d0:   02718989 00000001 00eaf6d8 371c1c51
0x00eaf6e0:   00eaf700 371c4c80 00000000 371c1c70
0x00eaf6f0:   00eaf6d4 00eaf704 00eaf728 0271340f 

Instructions: (pc=0x00000000)
0xffffffe0:   


Register to memory mapping:

EAX=0x00eaf698 is pointing into the stack for thread: 0x00fab400
EBX=0x371c1cf0 is an oop
{method} 
 - klass: {other class}
ECX=0x00000001 is an unknown value
EDX=0x00000008 is an unknown value
ESP=0x00eaf680 is pointing into the stack for thread: 0x00fab400
EBP=0x00eaf6c4 is pointing into the stack for thread: 0x00fab400
ESI=0x371c1cf0 is an oop
{method} 
 - klass: {other class}
EDI=0x00fab400 is a thread


Stack: [0x00e60000,0x00eb0000],  sp=0x00eaf680,  free space=317k
Java frames: (J=compiled Java code, j=interpreted, Vv=VM code)
j  org.lwjgl.openal.EFX10.nalGenAuxiliaryEffectSlots2(I)I+0
j  org.lwjgl.openal.EFX10.alGenAuxiliaryEffectSlots()I+1
j  org.newdawn.slick.util.EFXEffect.<init>(I)V+5
j  sounds.EFXEffectReverb.<init>()V+2
j  sounds.Sounds.<clinit>()V+14
v  ~StubRoutines::call_stub
j  game.MainMenuState.<init>(I)V+12
j  game.HelloGame.initStatesList(Lorg/newdawn/slick/GameContainer;)V+6
j  org.newdawn.slick.state.StateBasedGame.init(Lorg/newdawn/slick/GameContainer;)V+7
j  org.newdawn.slick.AppGameContainer.setup()V+167
j  org.newdawn.slick.AppGameContainer.start()V+1
j  game.HelloGame.main([Ljava/lang/String;)V+77
v  ~StubRoutines::call_stub

---------------  P R O C E S S  ---------------

Java Threads: ( => current thread )
  0x089d5c00 JavaThread "Thread-2" daemon [_thread_in_native, id=3532, stack(0x06910000,0x06960000)]
  0x00e0d000 JavaThread "Service Thread" daemon [_thread_blocked, id=4012, stack(0x04bc0000,0x04c10000)]
  0x00e08000 JavaThread "C1 CompilerThread0" daemon [_thread_blocked, id=6340, stack(0x049c0000,0x04a10000)]
  0x00e06c00 JavaThread "Attach Listener" daemon [_thread_blocked, id=5892, stack(0x04930000,0x04980000)]
  0x00e03800 JavaThread "Signal Dispatcher" daemon [_thread_blocked, id=3936, stack(0x04780000,0x047d0000)]
  0x00dee000 JavaThread "Finalizer" daemon [_thread_blocked, id=3048, stack(0x01200000,0x01250000)]
  0x00dec800 JavaThread "Reference Handler" daemon [_thread_blocked, id=6816, stack(0x04720000,0x04770000)]
=>0x00fab400 JavaThread "main" [_thread_in_native, id=2608, stack(0x00e60000,0x00eb0000)]

Other Threads:
  0x00deb000 VMThread [stack: 0x01180000,0x011d0000] [id=7072]
  0x04c10800 WatcherThread [stack: 0x04f20000,0x04f70000] [id=4128]

VM state:not at safepoint (normal execution)

VM Mutex/Monitor currently owned by a thread: None

Heap
 def new generation   total 4928K, used 3276K [0x27010000, 0x27560000, 0x2c560000)
  eden space 4416K,  62% used [0x27010000, 0x272c3158, 0x27460000)
  from space 512K, 100% used [0x274e0000, 0x27560000, 0x27560000)
  to   space 512K,   0% used [0x27460000, 0x27460000, 0x274e0000)
 tenured generation   total 10944K, used 770K [0x2c560000, 0x2d010000, 0x37010000)
   the space 10944K,   7% used [0x2c560000, 0x2c620a50, 0x2c620c00, 0x2d010000)
 compacting perm gen  total 12288K, used 1747K [0x37010000, 0x37c10000, 0x3b010000)
   the space 12288K,  14% used [0x37010000, 0x371c4f80, 0x371c5000, 0x37c10000)
    ro space 10240K,  42% used [0x3b010000, 0x3b4522a0, 0x3b452400, 0x3ba10000)
    rw space 12288K,  54% used [0x3ba10000, 0x3c093250, 0x3c093400, 0x3c610000)

Card table byte_map: [0x00fe0000,0x01090000] byte_map_base: 0x00ea7f80

Polling page: 0x001e0000

Code Cache  [0x02710000, 0x027e8000, 0x04710000)
 total_blobs=424 nmethods=176 adapters=183 free_code_cache=31928Kb largest_free_block=32694464

Compilation events (10 events):
Event: 0.547 Thread 0x00e08000  172             java.lang.reflect.Field::getModifiers (5 bytes)
Event: 0.547 Thread 0x00e08000 nmethod 172 0x027e1088 code [0x027e1180, 0x027e1200]
Event: 0.548 Thread 0x00e08000  173             java.lang.reflect.Modifier::isPublic (12 bytes)
Event: 0.548 Thread 0x00e08000 nmethod 173 0x027e1248 code [0x027e1340, 0x027e13c0]
Event: 0.548 Thread 0x00e08000  174             java.util.HashMap::transfer (115 bytes)
Event: 0.548 Thread 0x00e08000 nmethod 174 0x027e1408 code [0x027e1520, 0x027e171c]
Event: 0.548 Thread 0x00e08000  175             java.net.URL::getRef (5 bytes)
Event: 0.549 Thread 0x00e08000 nmethod 175 0x027e1988 code [0x027e1a80, 0x027e1b00]
Event: 0.553 Thread 0x00e08000  176             java.lang.String::indexOf (25 bytes)
Event: 0.553 Thread 0x00e08000 nmethod 176 0x027e1c88 code [0x027e1d90, 0x027e1e5c]

GC Heap History (2 events):
Event: 0.456 GC heap before
{Heap before GC invocations=0 (full 0):
 def new generation   total 4928K, used 4416K [0x27010000, 0x27560000, 0x2c560000)
  eden space 4416K, 100% used [0x27010000, 0x27460000, 0x27460000)
  from space 512K,   0% used [0x27460000, 0x27460000, 0x274e0000)
  to   space 512K,   0% used [0x274e0000, 0x274e0000, 0x27560000)
 tenured generation   total 10944K, used 0K [0x2c560000, 0x2d010000, 0x37010000)
   the space 10944K,   0% used [0x2c560000, 0x2c560000, 0x2c560200, 0x2d010000)
 compacting perm gen  total 12288K, used 1246K [0x37010000, 0x37c10000, 0x3b010000)
   the space 12288K,  10% used [0x37010000, 0x371478d0, 0x37147a00, 0x37c10000)
    ro space 10240K,  42% used [0x3b010000, 0x3b4522a0, 0x3b452400, 0x3ba10000)
    rw space 12288K,  54% used [0x3ba10000, 0x3c093250, 0x3c093400, 0x3c610000)
Event: 0.460 GC heap after
Heap after GC invocations=1 (full 0):
 def new generation   total 4928K, used 512K [0x27010000, 0x27560000, 0x2c560000)
  eden space 4416K,   0% used [0x27010000, 0x27010000, 0x27460000)
  from space 512K, 100% used [0x274e0000, 0x27560000, 0x27560000)
  to   space 512K,   0% used [0x27460000, 0x27460000, 0x274e0000)
 tenured generation   total 10944K, used 770K [0x2c560000, 0x2d010000, 0x37010000)
   the space 10944K,   7% used [0x2c560000, 0x2c620a50, 0x2c620c00, 0x2d010000)
 compacting perm gen  total 12288K, used 1246K [0x37010000, 0x37c10000, 0x3b010000)
   the space 12288K,  10% used [0x37010000, 0x371478d0, 0x37147a00, 0x37c10000)
    ro space 10240K,  42% used [0x3b010000, 0x3b4522a0, 0x3b452400, 0x3ba10000)
    rw space 12288K,  54% used [0x3ba10000, 0x3c093250, 0x3c093400, 0x3c610000)
}

Deoptimization events (0 events):
No events

Internal exceptions (10 events):
Event: 0.544 Thread 0x00fab400 Threw 0x2725efe8 at C:\jdk7u2_32P\jdk7u21\hotspot\src\share\vm\prims\jvm.cpp:1166
Event: 0.545 Thread 0x00fab400 Threw 0x27264720 at C:\jdk7u2_32P\jdk7u21\hotspot\src\share\vm\prims\jvm.cpp:1166
Event: 0.546 Thread 0x00fab400 Threw 0x272793b8 at C:\jdk7u2_32P\jdk7u21\hotspot\src\share\vm\prims\jvm.cpp:1166
Event: 0.548 Thread 0x00fab400 Threw 0x27282478 at C:\jdk7u2_32P\jdk7u21\hotspot\src\share\vm\prims\jvm.cpp:1166
Event: 0.551 Thread 0x00fab400 Threw 0x27286758 at C:\jdk7u2_32P\jdk7u21\hotspot\src\share\vm\prims\jvm.cpp:1166
Event: 0.552 Thread 0x00fab400 Threw 0x272a0310 at C:\jdk7u2_32P\jdk7u21\hotspot\src\share\vm\prims\jvm.cpp:1166
Event: 0.552 Thread 0x00fab400 Threw 0x272a1ea8 at C:\jdk7u2_32P\jdk7u21\hotspot\src\share\vm\prims\jvm.cpp:1166
Event: 0.553 Thread 0x00fab400 Threw 0x272a5038 at C:\jdk7u2_32P\jdk7u21\hotspot\src\share\vm\prims\jvm.cpp:1166
Event: 0.553 Thread 0x00fab400 Threw 0x272a7d80 at C:\jdk7u2_32P\jdk7u21\hotspot\src\share\vm\prims\jvm.cpp:1166
Event: 0.554 Thread 0x00fab400 Threw 0x272abaa8 at C:\jdk7u2_32P\jdk7u21\hotspot\src\share\vm\prims\jvm.cpp:1166

Events (10 events):
Event: 0.552 loading class 0x04c32e68
Event: 0.552 loading class 0x04c32e68 done
Event: 0.552 loading class 0x04c37218
Event: 0.552 loading class 0x04c37218 done
Event: 0.553 loading class 0x089c6468
Event: 0.553 loading class 0x089c6468 done
Event: 0.553 loading class 0x089925b8
Event: 0.553 loading class 0x089925b8 done
Event: 0.554 loading class 0x089c66d8
Event: 0.554 loading class 0x089c66d8 done


Dynamic libraries:
0x012e0000 - 0x0130f000 	C:\Program Files (x86)\Java\jre7\bin\javaw.exe
0x77540000 - 0x776c0000 	C:\Windows\SysWOW64\ntdll.dll
0x6ea10000 - 0x6ea4f000 	C:\Program Files\AVAST Software\Avast\snxhk.dll
0x75660000 - 0x75770000 	C:\Windows\syswow64\KERNEL32.dll
0x763a0000 - 0x763e7000 	C:\Windows\syswow64\KERNELBASE.dll
0x757f0000 - 0x75890000 	C:\Windows\syswow64\ADVAPI32.dll
0x75a10000 - 0x75abc000 	C:\Windows\syswow64\msvcrt.dll
0x75c40000 - 0x75c59000 	C:\Windows\SysWOW64\sechost.dll
0x75340000 - 0x75430000 	C:\Windows\syswow64\RPCRT4.dll
0x74fa0000 - 0x75000000 	C:\Windows\syswow64\SspiCli.dll
0x74f90000 - 0x74f9c000 	C:\Windows\syswow64\CRYPTBASE.dll
0x763f0000 - 0x764f0000 	C:\Windows\syswow64\USER32.dll
0x75970000 - 0x75a00000 	C:\Windows\syswow64\GDI32.dll
0x76390000 - 0x7639a000 	C:\Windows\syswow64\LPK.dll
0x75000000 - 0x7509d000 	C:\Windows\syswow64\USP10.dll
0x74130000 - 0x742ce000 	C:\Windows\WinSxS\x86_microsoft.windows.common-controls_6595b64144ccf1df_6.0.7601.17514_none_41e6975e2bd6f2b2\COMCTL32.dll
0x75ac0000 - 0x75b17000 	C:\Windows\syswow64\SHLWAPI.dll
0x75550000 - 0x755b0000 	C:\Windows\system32\IMM32.DLL
0x758a0000 - 0x7596c000 	C:\Windows\syswow64\MSCTF.dll
0x72d90000 - 0x72dc6000 	C:\Windows\SysWOW64\nvinit.dll
0x0f000000 - 0x0f006000 	C:\Program Files (x86)\NVIDIA Corporation\CoProcManager\_etoured.dll
0x72570000 - 0x725bc000 	C:\Program Files (x86)\NVIDIA Corporation\CoProcManager\nvd3d9wrap.dll
0x750e0000 - 0x7527d000 	C:\Windows\syswow64\SETUPAPI.dll
0x75c60000 - 0x75c87000 	C:\Windows\syswow64\CFGMGR32.dll
0x752a0000 - 0x7532f000 	C:\Windows\syswow64\OLEAUT32.dll
0x76220000 - 0x7637c000 	C:\Windows\syswow64\ole32.dll
0x75280000 - 0x75292000 	C:\Windows\syswow64\DEVOBJ.dll
0x72400000 - 0x72433000 	C:\Program Files (x86)\NVIDIA Corporation\CoProcManager\nvdxgiwrap.dll
0x52ef0000 - 0x52fae000 	C:\Program Files (x86)\Java\jre7\bin\msvcr100.dll
0x54fc0000 - 0x5530f000 	C:\Program Files (x86)\Java\jre7\bin\client\jvm.dll
0x72840000 - 0x72847000 	C:\Windows\system32\WSOCK32.dll
0x750a0000 - 0x750d5000 	C:\Windows\syswow64\WS2_32.dll
0x75a00000 - 0x75a06000 	C:\Windows\syswow64\NSI.dll
0x6d880000 - 0x6d8b2000 	C:\Windows\system32\WINMM.dll
0x755b0000 - 0x755b5000 	C:\Windows\syswow64\PSAPI.DLL
0x71bd0000 - 0x71bdc000 	C:\Program Files (x86)\Java\jre7\bin\verify.dll
0x71bb0000 - 0x71bd0000 	C:\Program Files (x86)\Java\jre7\bin\java.dll
0x71730000 - 0x71743000 	C:\Program Files (x86)\Java\jre7\bin\zip.dll
0x10000000 - 0x1004c000 	D:\GitHub\HelloGame\lib\lwjgl-2.8.5\native\windows\lwjgl.dll
0x52e20000 - 0x52ee8000 	C:\Windows\system32\OPENGL32.dll
0x54010000 - 0x54032000 	C:\Windows\system32\GLU32.dll
0x6df10000 - 0x6dff7000 	C:\Windows\system32\DDRAW.dll
0x6e560000 - 0x6e566000 	C:\Windows\system32\DCIMAN32.dll
0x725c0000 - 0x725d3000 	C:\Windows\system32\dwmapi.dll
0x72830000 - 0x72839000 	C:\Windows\system32\VERSION.dll
0x71710000 - 0x71724000 	C:\Program Files (x86)\Java\jre7\bin\net.dll
0x6f600000 - 0x6f63c000 	C:\Windows\system32\mswsock.dll
0x6f5e0000 - 0x6f5e6000 	C:\Windows\System32\wship6.dll
0x71c30000 - 0x71c3e000 	C:\Program Files (x86)\Java\jre7\bin\nio.dll
0x727a0000 - 0x72820000 	C:\Windows\system32\uxtheme.dll
0x75ef0000 - 0x75f1d000 	C:\Windows\syswow64\WINTRUST.dll
0x75b20000 - 0x75c3e000 	C:\Windows\syswow64\CRYPT32.dll
0x75890000 - 0x7589c000 	C:\Windows\syswow64\MSASN1.dll
0x68520000 - 0x698df000 	C:\Windows\system32\nvoglv32.DLL
0x764f0000 - 0x7713a000 	C:\Windows\syswow64\SHELL32.dll
0x6dd10000 - 0x6dd31000 	C:\Windows\system32\ntmarta.dll
0x761d0000 - 0x76215000 	C:\Windows\syswow64\WLDAP32.dll
0x729f0000 - 0x72a69000 	C:\Windows\system32\mscms.dll
0x74ca0000 - 0x74cb7000 	C:\Windows\system32\USERENV.dll
0x74c90000 - 0x74c9b000 	C:\Windows\system32\profapi.dll
0x582d0000 - 0x58308000 	C:\Windows\system32\icm32.dll
0x50390000 - 0x50e43000 	C:\Windows\system32\igd10umd32.dll
0x52cd0000 - 0x52e12000 	C:\Program Files (x86)\Java\jre7\bin\awt.dll
0x011d0000 - 0x011e3000 	D:\GitHub\HelloGame\lib\lwjgl-2.8.5\native\windows\jinput-dx8.dll
0x53040000 - 0x53070000 	C:\Windows\system32\DINPUT8.dll
0x736f0000 - 0x736f9000 	C:\Windows\system32\HID.DLL
0x01250000 - 0x01262000 	D:\GitHub\HelloGame\lib\lwjgl-2.8.5\native\windows\jinput-raw.dll
0x6d460000 - 0x6d54b000 	C:\Windows\system32\dbghelp.dll

VM Arguments:
jvm_args: -Djava.library.path=D:\GitHub\HelloGame\lib\lwjgl-2.8.5\native\windows -Dfile.encoding=Cp1250 
java_command: game.HelloGame
Launcher Type: SUN_STANDARD

Environment Variables:
CLASSPATH=.ljwgl.jar;.ljwgl_util;.slick;.slick-util
PATH=C:/Program Files (x86)/Java/jre7/bin/client;C:/Program Files (x86)/Java/jre7/bin;C:/Program Files (x86)/Java/jre7/lib/i386;C:\Program Files (x86)\NVIDIA Corporation\PhysX\Common;C:\Program Files (x86)\Common Files\Microsoft Shared\Windows Live;C:\Program Files (x86)\PC Connectivity Solution\;C:\Windows\system32;C:\Windows;C:\Windows\System32\Wbem;C:\Windows\System32\WindowsPowerShell\v1.0\;C:\Program Files (x86)\QuickTime Alternative\QTSystem;C:\MetroPro\bin;C:\Program Files (x86)\Microsoft SQL Server\100\Tools\Binn\;C:\Program Files\Microsoft SQL Server\100\Tools\Binn\;C:\Program Files\Microsoft SQL Server\100\DTS\Binn\;C:\Program Files (x86)\MiKTeX 2.9\miktex\bin\;C:\Program Files\MATLAB\R2012b\runtime\win64;C:\Program Files\MATLAB\R2012b\bin;C:\Program Files (x86)\Git\cmd;C:\Program Files (x86)\Java\jre7\bin;C:\Program Files\TortoiseGit\bin;C:\Program Files (x86)\QuickTime Alternative\QTSystem\;C:\Program Files\Common Files\Microsoft Shared\Windows Live;c:\Python27\;C:\SWIG\swigwin-1.3.40;C:\Program Files (x86)\Java\jre7;D:\eclipse;
USERNAME=Paua
OS=Windows_NT
PROCESSOR_IDENTIFIER=Intel64 Family 6 Model 42 Stepping 7, GenuineIntel



---------------  S Y S T E M  ---------------

OS: Windows 7 , 64 bit Build 7601 Service Pack 1

CPU:total 8 (4 cores per cpu, 2 threads per core) family 6 model 42 stepping 7, cmov, cx8, fxsr, mmx, sse, sse2, sse3, ssse3, sse4.1, sse4.2, popcnt, avx, ht, tsc, tscinvbit

Memory: 4k page, physical 4104372k(1095984k free), swap 8206884k(3849220k free)

vm_info: Java HotSpot(TM) Client VM (23.21-b01) for windows-x86 JRE (1.7.0_21-b11), built on Apr  4 2013 04:43:10 by "java_re" with unknown MS VC++:1600

time: Wed May 29 20:05:13 2013
elapsed time: 0 seconds

